Tue Mar 27 14:20:23 IST 2007 AvalonLogSystem initialized using logfile C:\avalanche\AvalancheCore\bin\velocity.log
Tue Mar 27 14:20:23 IST 2007   [info]   [info] Default Properties File: org\apache\velocity\runtime\defaults\velocity.properties
Tue Mar 27 14:20:23 IST 2007   [info] Resource Loader Instantiated: org.apache.velocity.runtime.resource.loader.FileResourceLoader
Tue Mar 27 14:20:23 IST 2007   [info] FileResourceLoader : initialization starting.
Tue Mar 27 14:20:23 IST 2007   [info] FileResourceLoader : adding path '.'
Tue Mar 27 14:20:23 IST 2007   [info] FileResourceLoader : initialization complete.
Tue Mar 27 14:20:23 IST 2007   [info] Loaded Pluggable Directive: org.apache.velocity.runtime.directive.Literal
Tue Mar 27 14:20:23 IST 2007   [info] Loaded Pluggable Directive: org.apache.velocity.runtime.directive.Macro
Tue Mar 27 14:20:23 IST 2007   [info] Loaded Pluggable Directive: org.apache.velocity.runtime.directive.Parse
Tue Mar 27 14:20:23 IST 2007   [info] Loaded Pluggable Directive: org.apache.velocity.runtime.directive.Include
Tue Mar 27 14:20:23 IST 2007   [info] Loaded Pluggable Directive: org.apache.velocity.runtime.directive.Foreach
Tue Mar 27 14:20:23 IST 2007   [info] Created: 20 parsers.
Tue Mar 27 14:20:23 IST 2007   [info] Velocimacro : initialization starting.
Tue Mar 27 14:20:23 IST 2007   [info] Velocimacro : adding VMs from VM library template : VM_global_library.vm
Tue Mar 27 14:20:23 IST 2007  [error] ResourceManager : unable to find resource 'VM_global_library.vm' in any resource loader.
Tue Mar 27 14:20:23 IST 2007   [info] Velocimacro : error using  VM library template VM_global_library.vm : org.apache.velocity.exception.ResourceNotFoundException: Unable to find resource 'VM_global_library.vm'
Tue Mar 27 14:20:23 IST 2007   [info] Velocimacro : allowInline = true : VMs can be defined inline in templates
Tue Mar 27 14:20:23 IST 2007   [info] Velocimacro : allowInlineToOverride = false : VMs defined inline may NOT replace previous VM definitions
Tue Mar 27 14:20:23 IST 2007   [info] Velocimacro : allowInlineLocal = false : VMs defined inline will be  global in scope if allowed.
Tue Mar 27 14:20:23 IST 2007   [info] Velocimacro : messages on  : VM system will output logging messages
Tue Mar 27 14:20:23 IST 2007   [info] Velocimacro : initialization complete.
Tue Mar 27 14:20:23 IST 2007   [info] Velocity successfully started.
Tue Mar 27 14:20:23 IST 2007  [error] Context.put() : Context value was null! Key was: httpServer
Tue Mar 27 14:20:24 IST 2007   [info] ResourceManager : found temp.vm with loader org.apache.velocity.runtime.resource.loader.FileResourceLoader
Tue Mar 27 14:20:24 IST 2007   [warn] org.apache.velocity.runtime.exception.ReferenceException: reference : template = temp.vm [line 243,column 71] : $SFHOME is not a valid reference.
Tue Mar 27 14:20:24 IST 2007   [warn] org.apache.velocity.runtime.exception.ReferenceException: reference : template = temp.vm [line 243,column 83] : $PATH is not a valid reference.
Tue Mar 27 14:20:24 IST 2007   [warn] org.apache.velocity.runtime.exception.ReferenceException: reference : template = temp.vm [line 243,column 71] : $SFHOME is not a valid reference.
Tue Mar 27 14:20:24 IST 2007   [warn] org.apache.velocity.runtime.exception.ReferenceException: reference : template = temp.vm [line 243,column 83] : $PATH is not a valid reference.
